{"C:\\Users\\User\\tdd-app\\src\\setupTests.js": {"path":"C:\\Users\\User\\tdd-app\\src\\setupTests.js","statementMap":{"0":{"start":{"line":4,"column":0},"end":{"line":4,"column":45}}},"fnMap":{},"branchMap":{},"s":{"0":12},"f":{},"b":{},"_coverageSchema":"332fd63041d2c1bcb487cc26dd0d5f7d97098a6c","hash":"e7222239bcfef250f3c365121cb5988b5bc9362e"}
,"C:\\Users\\User\\tdd-app\\src\\core\\Home\\action.js": {"path":"C:\\Users\\User\\tdd-app\\src\\core\\Home\\action.js","statementMap":{"0":{"start":{"line":4,"column":4},"end":{"line":7,"column":6}},"1":{"start":{"line":11,"column":4},"end":{"line":13,"column":6}},"2":{"start":{"line":17,"column":4},"end":{"line":20,"column":6}},"3":{"start":{"line":24,"column":4},"end":{"line":27,"column":6}},"4":{"start":{"line":31,"column":4},"end":{"line":34,"column":6}}},"fnMap":{"0":{"name":"deleteInsult","decl":{"start":{"line":3,"column":16},"end":{"line":3,"column":28}},"loc":{"start":{"line":3,"column":39},"end":{"line":8,"column":1}},"line":3},"1":{"name":"loadInsult","decl":{"start":{"line":10,"column":16},"end":{"line":10,"column":26}},"loc":{"start":{"line":10,"column":30},"end":{"line":14,"column":1}},"line":10},"2":{"name":"newError","decl":{"start":{"line":16,"column":16},"end":{"line":16,"column":24}},"loc":{"start":{"line":16,"column":35},"end":{"line":21,"column":1}},"line":16},"3":{"name":"saveInsult","decl":{"start":{"line":23,"column":16},"end":{"line":23,"column":26}},"loc":{"start":{"line":23,"column":37},"end":{"line":28,"column":1}},"line":23},"4":{"name":"searchInsult","decl":{"start":{"line":30,"column":16},"end":{"line":30,"column":28}},"loc":{"start":{"line":30,"column":39},"end":{"line":35,"column":1}},"line":30}},"branchMap":{},"s":{"0":1,"1":1,"2":2,"3":4,"4":1},"f":{"0":1,"1":1,"2":2,"3":4,"4":1},"b":{},"_coverageSchema":"332fd63041d2c1bcb487cc26dd0d5f7d97098a6c","hash":"3f2d7fd6882f393913f66377b0e647809524d398"}
,"C:\\Users\\User\\tdd-app\\src\\core\\Home\\reducer.js": {"path":"C:\\Users\\User\\tdd-app\\src\\core\\Home\\reducer.js","statementMap":{"0":{"start":{"line":3,"column":21},"end":{"line":5,"column":2}},"1":{"start":{"line":3,"column":28},"end":{"line":5,"column":1}},"2":{"start":{"line":8,"column":4},"end":{"line":16,"column":5}},"3":{"start":{"line":10,"column":8},"end":{"line":13,"column":10}},"4":{"start":{"line":15,"column":8},"end":{"line":15,"column":21}}},"fnMap":{"0":{"name":"(anonymous_0)","decl":{"start":{"line":3,"column":21},"end":{"line":3,"column":22}},"loc":{"start":{"line":3,"column":28},"end":{"line":5,"column":1}},"line":3},"1":{"name":"homeReducer","decl":{"start":{"line":7,"column":16},"end":{"line":7,"column":27}},"loc":{"start":{"line":7,"column":72},"end":{"line":17,"column":1}},"line":7}},"branchMap":{"0":{"loc":{"start":{"line":7,"column":29},"end":{"line":7,"column":51}},"type":"default-arg","locations":[{"start":{"line":7,"column":37},"end":{"line":7,"column":51}}],"line":7},"1":{"loc":{"start":{"line":8,"column":4},"end":{"line":16,"column":5}},"type":"switch","locations":[{"start":{"line":9,"column":4},"end":{"line":13,"column":10}},{"start":{"line":14,"column":4},"end":{"line":15,"column":21}}],"line":8}},"s":{"0":2,"1":1,"2":2,"3":1,"4":1},"f":{"0":1,"1":2},"b":{"0":[1],"1":[1,1]},"_coverageSchema":"332fd63041d2c1bcb487cc26dd0d5f7d97098a6c","hash":"d3040af53fd8255afc0282d573110d574f241253"}
,"C:\\Users\\User\\tdd-app\\src\\core\\Home\\sagas.js": {"path":"C:\\Users\\User\\tdd-app\\src\\core\\Home\\sagas.js","statementMap":{"0":{"start":{"line":6,"column":4},"end":{"line":12,"column":5}},"1":{"start":{"line":7,"column":21},"end":{"line":7,"column":48}},"2":{"start":{"line":8,"column":8},"end":{"line":8,"column":36}},"3":{"start":{"line":10,"column":8},"end":{"line":10,"column":23}},"4":{"start":{"line":11,"column":8},"end":{"line":11,"column":39}}},"fnMap":{"0":{"name":"getInsults","decl":{"start":{"line":5,"column":17},"end":{"line":5,"column":27}},"loc":{"start":{"line":5,"column":31},"end":{"line":13,"column":1}},"line":5}},"branchMap":{},"s":{"0":2,"1":2,"2":1,"3":1,"4":1},"f":{"0":2},"b":{},"_coverageSchema":"332fd63041d2c1bcb487cc26dd0d5f7d97098a6c","hash":"b1e183a1f14c324cf7feac76889313f102ea2be3"}
,"C:\\Users\\User\\tdd-app\\src\\core\\Home\\selector.js": {"path":"C:\\Users\\User\\tdd-app\\src\\core\\Home\\selector.js","statementMap":{"0":{"start":{"line":3,"column":16},"end":{"line":3,"column":41}},"1":{"start":{"line":3,"column":25},"end":{"line":3,"column":41}},"2":{"start":{"line":5,"column":31},"end":{"line":8,"column":1}},"3":{"start":{"line":7,"column":15},"end":{"line":7,"column":22}}},"fnMap":{"0":{"name":"(anonymous_0)","decl":{"start":{"line":3,"column":16},"end":{"line":3,"column":17}},"loc":{"start":{"line":3,"column":25},"end":{"line":3,"column":41}},"line":3},"1":{"name":"(anonymous_1)","decl":{"start":{"line":7,"column":4},"end":{"line":7,"column":5}},"loc":{"start":{"line":7,"column":15},"end":{"line":7,"column":22}},"line":7}},"branchMap":{},"s":{"0":1,"1":0,"2":1,"3":0},"f":{"0":0,"1":0},"b":{},"_coverageSchema":"332fd63041d2c1bcb487cc26dd0d5f7d97098a6c","hash":"c5112d37a4d7f8a143853638f5aabd9bb578575c"}
,"C:\\Users\\User\\tdd-app\\src\\views\\components\\Button\\index.js": {"path":"C:\\Users\\User\\tdd-app\\src\\views\\components\\Button\\index.js","statementMap":{"0":{"start":{"line":5,"column":15},"end":{"line":7,"column":1}},"1":{"start":{"line":6,"column":4},"end":{"line":6,"column":81}},"2":{"start":{"line":9,"column":0},"end":{"line":13,"column":2}},"3":{"start":{"line":15,"column":0},"end":{"line":15,"column":30}}},"fnMap":{"0":{"name":"(anonymous_0)","decl":{"start":{"line":5,"column":15},"end":{"line":5,"column":16}},"loc":{"start":{"line":6,"column":4},"end":{"line":6,"column":81}},"line":6}},"branchMap":{},"s":{"0":2,"1":5,"2":2,"3":2},"f":{"0":5},"b":{},"_coverageSchema":"332fd63041d2c1bcb487cc26dd0d5f7d97098a6c","hash":"3cadc8835ac0fb8644276a3bc721f2d7c332447c"}
,"C:\\Users\\User\\tdd-app\\src\\views\\components\\Container\\index.js": {"path":"C:\\Users\\User\\tdd-app\\src\\views\\components\\Container\\index.js","statementMap":{"0":{"start":{"line":5,"column":25},"end":{"line":9,"column":1}},"1":{"start":{"line":6,"column":4},"end":{"line":8,"column":22}},"2":{"start":{"line":11,"column":0},"end":{"line":13,"column":2}},"3":{"start":{"line":15,"column":0},"end":{"line":15,"column":36}}},"fnMap":{"0":{"name":"(anonymous_0)","decl":{"start":{"line":5,"column":25},"end":{"line":5,"column":26}},"loc":{"start":{"line":6,"column":4},"end":{"line":8,"column":22}},"line":6}},"branchMap":{},"s":{"0":2,"1":2,"2":2,"3":2},"f":{"0":2},"b":{},"_coverageSchema":"332fd63041d2c1bcb487cc26dd0d5f7d97098a6c","hash":"5e6f5dd0826c2b9bb95fca1f60e0e993d590fdf2"}
,"C:\\Users\\User\\tdd-app\\src\\views\\components\\Cross\\index.js": {"path":"C:\\Users\\User\\tdd-app\\src\\views\\components\\Cross\\index.js","statementMap":{"0":{"start":{"line":4,"column":14},"end":{"line":6,"column":1}},"1":{"start":{"line":5,"column":4},"end":{"line":5,"column":45}},"2":{"start":{"line":8,"column":0},"end":{"line":10,"column":2}},"3":{"start":{"line":12,"column":0},"end":{"line":12,"column":28}}},"fnMap":{"0":{"name":"(anonymous_0)","decl":{"start":{"line":4,"column":14},"end":{"line":4,"column":15}},"loc":{"start":{"line":5,"column":4},"end":{"line":5,"column":45}},"line":5}},"branchMap":{},"s":{"0":2,"1":2,"2":2,"3":2},"f":{"0":2},"b":{},"_coverageSchema":"332fd63041d2c1bcb487cc26dd0d5f7d97098a6c","hash":"f353a1bc804b31989a21f7c8827e5dd9a532eac2"}
,"C:\\Users\\User\\tdd-app\\src\\views\\components\\Input\\index.js": {"path":"C:\\Users\\User\\tdd-app\\src\\views\\components\\Input\\index.js","statementMap":{"0":{"start":{"line":5,"column":14},"end":{"line":7,"column":1}},"1":{"start":{"line":6,"column":4},"end":{"line":6,"column":41}},"2":{"start":{"line":9,"column":0},"end":{"line":11,"column":2}},"3":{"start":{"line":13,"column":0},"end":{"line":13,"column":28}}},"fnMap":{"0":{"name":"(anonymous_0)","decl":{"start":{"line":5,"column":14},"end":{"line":5,"column":15}},"loc":{"start":{"line":6,"column":4},"end":{"line":6,"column":41}},"line":6}},"branchMap":{},"s":{"0":2,"1":3,"2":2,"3":2},"f":{"0":3},"b":{},"_coverageSchema":"332fd63041d2c1bcb487cc26dd0d5f7d97098a6c","hash":"93457bc94ad29de4aa49d4f9905929a38909b567"}
,"C:\\Users\\User\\tdd-app\\src\\views\\components\\Layout\\index.js": {"path":"C:\\Users\\User\\tdd-app\\src\\views\\components\\Layout\\index.js","statementMap":{"0":{"start":{"line":4,"column":22},"end":{"line":8,"column":1}},"1":{"start":{"line":5,"column":4},"end":{"line":7,"column":15}},"2":{"start":{"line":10,"column":0},"end":{"line":12,"column":2}},"3":{"start":{"line":14,"column":0},"end":{"line":14,"column":30}}},"fnMap":{"0":{"name":"(anonymous_0)","decl":{"start":{"line":4,"column":22},"end":{"line":4,"column":23}},"loc":{"start":{"line":5,"column":4},"end":{"line":7,"column":15}},"line":5}},"branchMap":{},"s":{"0":2,"1":1,"2":2,"3":2},"f":{"0":1},"b":{},"_coverageSchema":"332fd63041d2c1bcb487cc26dd0d5f7d97098a6c","hash":"57c8129c1c6379128b0ba9eb32d7e3ba10f0e971"}
,"C:\\Users\\User\\tdd-app\\src\\views\\components\\List\\index.js": {"path":"C:\\Users\\User\\tdd-app\\src\\views\\components\\List\\index.js","statementMap":{"0":{"start":{"line":5,"column":13},"end":{"line":7,"column":1}},"1":{"start":{"line":6,"column":4},"end":{"line":6,"column":41}},"2":{"start":{"line":9,"column":0},"end":{"line":11,"column":2}},"3":{"start":{"line":13,"column":0},"end":{"line":13,"column":26}}},"fnMap":{"0":{"name":"(anonymous_0)","decl":{"start":{"line":5,"column":13},"end":{"line":5,"column":14}},"loc":{"start":{"line":6,"column":4},"end":{"line":6,"column":41}},"line":6}},"branchMap":{},"s":{"0":2,"1":2,"2":2,"3":2},"f":{"0":2},"b":{},"_coverageSchema":"332fd63041d2c1bcb487cc26dd0d5f7d97098a6c","hash":"943be214b1ebb07a5715a8771ad279bc54ea458f"}
,"C:\\Users\\User\\tdd-app\\src\\views\\components\\ListItem\\index.js": {"path":"C:\\Users\\User\\tdd-app\\src\\views\\components\\ListItem\\index.js","statementMap":{"0":{"start":{"line":5,"column":17},"end":{"line":7,"column":1}},"1":{"start":{"line":6,"column":4},"end":{"line":6,"column":72}},"2":{"start":{"line":9,"column":0},"end":{"line":12,"column":2}},"3":{"start":{"line":14,"column":0},"end":{"line":14,"column":34}}},"fnMap":{"0":{"name":"(anonymous_0)","decl":{"start":{"line":5,"column":17},"end":{"line":5,"column":18}},"loc":{"start":{"line":6,"column":4},"end":{"line":6,"column":72}},"line":6}},"branchMap":{},"s":{"0":2,"1":3,"2":2,"3":2},"f":{"0":3},"b":{},"_coverageSchema":"332fd63041d2c1bcb487cc26dd0d5f7d97098a6c","hash":"4185f156f8506aaad13ad127482976ba2c6783da"}
,"C:\\Users\\User\\tdd-app\\src\\views\\containers\\Home\\container.js": {"path":"C:\\Users\\User\\tdd-app\\src\\views\\containers\\Home\\container.js","statementMap":{"0":{"start":{"line":1,"column":13},"end":{"line":1,"column":75}},"1":{"start":{"line":1,"column":87},"end":{"line":1,"column":104}},"2":{"start":{"line":1,"column":118},"end":{"line":1,"column":147}},"3":{"start":{"line":3,"column":18},"end":{"line":3,"column":40}},"4":{"start":{"line":5,"column":14},"end":{"line":5,"column":41}},"5":{"start":{"line":6,"column":16},"end":{"line":6,"column":45}},"6":{"start":{"line":6,"column":84},"end":{"line":6,"column":138}},"7":{"start":{"line":9,"column":4},"end":{"line":10,"column":55}},"8":{"start":{"line":14,"column":27},"end":{"line":14,"column":81}},"9":{"start":{"line":14,"column":82},"end":{"line":16,"column":78}}},"fnMap":{"0":{"name":"_interopRequireDefault","decl":{"start":{"line":6,"column":55},"end":{"line":6,"column":77}},"loc":{"start":{"line":6,"column":83},"end":{"line":6,"column":139}},"line":6},"1":{"name":"mapStateToProps","decl":{"start":{"line":8,"column":9},"end":{"line":8,"column":24}},"loc":{"start":{"line":8,"column":32},"end":{"line":12,"column":1}},"line":8}},"branchMap":{"0":{"loc":{"start":{"line":6,"column":91},"end":{"line":6,"column":137}},"type":"cond-expr","locations":[{"start":{"line":6,"column":115},"end":{"line":6,"column":118}},{"start":{"line":6,"column":121},"end":{"line":6,"column":137}}],"line":6},"1":{"loc":{"start":{"line":6,"column":91},"end":{"line":6,"column":112}},"type":"binary-expr","locations":[{"start":{"line":6,"column":91},"end":{"line":6,"column":94}},{"start":{"line":6,"column":98},"end":{"line":6,"column":112}}],"line":6}},"s":{"0":0,"1":0,"2":0,"3":0,"4":0,"5":0,"6":0,"7":0,"8":0,"9":0},"f":{"0":0,"1":0},"b":{"0":[0,0],"1":[0,0]}}
,"C:\\Users\\User\\tdd-app\\src\\views\\containers\\Home\\main.js": {"path":"C:\\Users\\User\\tdd-app\\src\\views\\containers\\Home\\main.js","statementMap":{"0":{"start":{"line":21,"column":8},"end":{"line":21,"column":21}},"1":{"start":{"line":23,"column":8},"end":{"line":23,"column":24}},"2":{"start":{"line":27,"column":31},"end":{"line":27,"column":41}},"3":{"start":{"line":28,"column":8},"end":{"line":28,"column":21}},"4":{"start":{"line":32,"column":33},"end":{"line":32,"column":43}},"5":{"start":{"line":33,"column":8},"end":{"line":33,"column":23}},"6":{"start":{"line":37,"column":34},"end":{"line":37,"column":44}},"7":{"start":{"line":38,"column":8},"end":{"line":38,"column":24}},"8":{"start":{"line":42,"column":8},"end":{"line":54,"column":10}}},"fnMap":{"0":{"name":"(anonymous_0)","decl":{"start":{"line":20,"column":4},"end":{"line":20,"column":5}},"loc":{"start":{"line":20,"column":24},"end":{"line":24,"column":5}},"line":20},"1":{"name":"(anonymous_1)","decl":{"start":{"line":26,"column":25},"end":{"line":26,"column":26}},"loc":{"start":{"line":26,"column":31},"end":{"line":29,"column":5}},"line":26},"2":{"name":"(anonymous_2)","decl":{"start":{"line":31,"column":24},"end":{"line":31,"column":25}},"loc":{"start":{"line":31,"column":30},"end":{"line":34,"column":5}},"line":31},"3":{"name":"(anonymous_3)","decl":{"start":{"line":36,"column":25},"end":{"line":36,"column":26}},"loc":{"start":{"line":36,"column":31},"end":{"line":39,"column":5}},"line":36},"4":{"name":"(anonymous_4)","decl":{"start":{"line":41,"column":4},"end":{"line":41,"column":5}},"loc":{"start":{"line":41,"column":14},"end":{"line":55,"column":5}},"line":41}},"branchMap":{},"s":{"0":9,"1":9,"2":1,"3":1,"4":1,"5":1,"6":1,"7":1,"8":12},"f":{"0":9,"1":1,"2":1,"3":1,"4":12},"b":{},"_coverageSchema":"332fd63041d2c1bcb487cc26dd0d5f7d97098a6c","hash":"ed0bdc94899dad0424b2137a4d9f9b46607f0428"}
}
