TN:
SF:C:\Users\User\tdd-app\src\setupTests.js
FNF:0
FNH:0
DA:4,12
LF:1
LH:1
BRF:0
BRH:0
end_of_record
TN:
SF:C:\Users\User\tdd-app\src\core\Home\action.js
FN:3,deleteInsult
FN:10,loadInsult
FN:16,newError
FN:23,saveInsult
FN:30,searchInsult
FNF:5
FNH:5
FNDA:1,deleteInsult
FNDA:1,loadInsult
FNDA:2,newError
FNDA:4,saveInsult
FNDA:1,searchInsult
DA:4,1
DA:11,1
DA:17,2
DA:24,4
DA:31,1
LF:5
LH:5
BRF:0
BRH:0
end_of_record
TN:
SF:C:\Users\User\tdd-app\src\core\Home\reducer.js
FN:3,(anonymous_0)
FN:7,homeReducer
FNF:2
FNH:2
FNDA:1,(anonymous_0)
FNDA:2,homeReducer
DA:3,2
DA:8,2
DA:10,1
DA:15,1
LF:4
LH:4
BRDA:7,0,0,1
BRDA:8,1,0,1
BRDA:8,1,1,1
BRF:3
BRH:3
end_of_record
TN:
SF:C:\Users\User\tdd-app\src\core\Home\sagas.js
FN:5,getInsults
FNF:1
FNH:1
FNDA:2,getInsults
DA:6,2
DA:7,2
DA:8,1
DA:10,1
DA:11,1
LF:5
LH:5
BRF:0
BRH:0
end_of_record
TN:
SF:C:\Users\User\tdd-app\src\core\Home\selector.js
FN:3,(anonymous_0)
FN:7,(anonymous_1)
FNF:2
FNH:0
FNDA:0,(anonymous_0)
FNDA:0,(anonymous_1)
DA:3,1
DA:5,1
DA:7,0
LF:3
LH:2
BRF:0
BRH:0
end_of_record
TN:
SF:C:\Users\User\tdd-app\src\views\components\Button\index.js
FN:5,(anonymous_0)
FNF:1
FNH:1
FNDA:5,(anonymous_0)
DA:5,2
DA:6,5
DA:9,2
DA:15,2
LF:4
LH:4
BRF:0
BRH:0
end_of_record
TN:
SF:C:\Users\User\tdd-app\src\views\components\Container\index.js
FN:5,(anonymous_0)
FNF:1
FNH:1
FNDA:2,(anonymous_0)
DA:5,2
DA:6,2
DA:11,2
DA:15,2
LF:4
LH:4
BRF:0
BRH:0
end_of_record
TN:
SF:C:\Users\User\tdd-app\src\views\components\Cross\index.js
FN:4,(anonymous_0)
FNF:1
FNH:1
FNDA:2,(anonymous_0)
DA:4,2
DA:5,2
DA:8,2
DA:12,2
LF:4
LH:4
BRF:0
BRH:0
end_of_record
TN:
SF:C:\Users\User\tdd-app\src\views\components\Input\index.js
FN:5,(anonymous_0)
FNF:1
FNH:1
FNDA:3,(anonymous_0)
DA:5,2
DA:6,3
DA:9,2
DA:13,2
LF:4
LH:4
BRF:0
BRH:0
end_of_record
TN:
SF:C:\Users\User\tdd-app\src\views\components\Layout\index.js
FN:4,(anonymous_0)
FNF:1
FNH:1
FNDA:1,(anonymous_0)
DA:4,2
DA:5,1
DA:10,2
DA:14,2
LF:4
LH:4
BRF:0
BRH:0
end_of_record
TN:
SF:C:\Users\User\tdd-app\src\views\components\List\index.js
FN:5,(anonymous_0)
FNF:1
FNH:1
FNDA:2,(anonymous_0)
DA:5,2
DA:6,2
DA:9,2
DA:13,2
LF:4
LH:4
BRF:0
BRH:0
end_of_record
TN:
SF:C:\Users\User\tdd-app\src\views\components\ListItem\index.js
FN:5,(anonymous_0)
FNF:1
FNH:1
FNDA:3,(anonymous_0)
DA:5,2
DA:6,3
DA:9,2
DA:14,2
LF:4
LH:4
BRF:0
BRH:0
end_of_record
TN:
SF:C:\Users\User\tdd-app\src\views\containers\Home\container.js
FN:6,_interopRequireDefault
FN:8,mapStateToProps
FNF:2
FNH:0
FNDA:0,_interopRequireDefault
FNDA:0,mapStateToProps
DA:1,0
DA:3,0
DA:5,0
DA:6,0
DA:9,0
DA:14,0
LF:6
LH:0
BRDA:6,0,0,0
BRDA:6,0,1,0
BRDA:6,1,0,0
BRDA:6,1,1,0
BRF:4
BRH:0
end_of_record
TN:
SF:C:\Users\User\tdd-app\src\views\containers\Home\main.js
FN:20,(anonymous_0)
FN:26,(anonymous_1)
FN:31,(anonymous_2)
FN:36,(anonymous_3)
FN:41,(anonymous_4)
FNF:5
FNH:5
FNDA:9,(anonymous_0)
FNDA:1,(anonymous_1)
FNDA:1,(anonymous_2)
FNDA:1,(anonymous_3)
FNDA:12,(anonymous_4)
DA:21,9
DA:23,9
DA:27,1
DA:28,1
DA:32,1
DA:33,1
DA:37,1
DA:38,1
DA:42,12
LF:9
LH:9
BRF:0
BRH:0
end_of_record
